<?xml version="1.0" encoding="UTF-8"?>
<testng-results ignored="0" total="1" passed="1" failed="0" skipped="0">
  <reporter-output>
    <line>
      <![CDATA[Closing app]]>
    </line>
    <line>
      <![CDATA[closing browser]]>
    </line>
  </reporter-output>
  <suite started-at="2022-11-14T22:37:20 IST" name="Default suite" finished-at="2022-11-14T22:38:06 IST" duration-ms="46539">
    <groups>
    </groups>
    <test started-at="2022-11-14T22:37:20 IST" name="Default test" finished-at="2022-11-14T22:38:06 IST" duration-ms="46539">
      <class name="Test_Acti.TestClass">
        <test-method is-config="true" signature="openBrowser()[pri:0, instance:Test_Acti.TestClass@1fa268de]" started-at="2022-11-14T22:37:20 IST" name="openBrowser" finished-at="2022-11-14T22:37:52 IST" duration-ms="31898" status="PASS">
          <reporter-output>
          </reporter-output>
        </test-method> <!-- openBrowser -->
        <test-method is-config="true" signature="openApp()[pri:0, instance:Test_Acti.TestClass@1fa268de]" started-at="2022-11-14T22:37:52 IST" name="openApp" finished-at="2022-11-14T22:37:57 IST" duration-ms="5121" status="PASS">
          <reporter-output>
          </reporter-output>
        </test-method> <!-- openApp -->
        <test-method signature="textVerify()[pri:0, instance:Test_Acti.TestClass@1fa268de]" started-at="2022-11-14T22:37:57 IST" name="textVerify" finished-at="2022-11-14T22:38:06 IST" duration-ms="9407" status="PASS">
          <reporter-output>
          </reporter-output>
        </test-method> <!-- textVerify -->
        <test-method is-config="true" signature="closeApp()[pri:0, instance:Test_Acti.TestClass@1fa268de]" started-at="2022-11-14T22:38:06 IST" name="closeApp" finished-at="2022-11-14T22:38:06 IST" duration-ms="2" status="PASS">
          <reporter-output>
            <line>
              <![CDATA[Closing app]]>
            </line>
          </reporter-output>
        </test-method> <!-- closeApp -->
        <test-method is-config="true" signature="closeBrowser()[pri:0, instance:Test_Acti.TestClass@1fa268de]" started-at="2022-11-14T22:38:06 IST" name="closeBrowser" finished-at="2022-11-14T22:38:06 IST" duration-ms="1" status="PASS">
          <reporter-output>
            <line>
              <![CDATA[closing browser]]>
            </line>
          </reporter-output>
        </test-method> <!-- closeBrowser -->
      </class> <!-- Test_Acti.TestClass -->
    </test> <!-- Default test -->
  </suite> <!-- Default suite -->
</testng-results>
